<?xml version="1.0" encoding="UTF-8"?>
<!-- Generated by org.testng.reporters.JUnitXMLReporter -->
<testsuite ignored="0" hostname="DESKTOP-ERHSHJS" failures="2" tests="3" name="Submit Order Test" time="57.398" errors="0" timestamp="2024-06-19T17:19:22 SAST">
  <testcase classname="AutomationAcademy.SubmitOrderTest" name="submitOrder" time="21.056">
    <failure type="junit.framework.AssertionFailedError">
      <![CDATA[junit.framework.AssertionFailedError
at junit.framework.Assert.fail(Assert.java:47)
at junit.framework.Assert.assertTrue(Assert.java:20)
at junit.framework.Assert.assertFalse(Assert.java:34)
at junit.framework.Assert.assertFalse(Assert.java:41)
at AutomationAcademy.SubmitOrderTest.submitOrder(SubmitOrderTest.java:38)
at java.base/java.util.ArrayList.forEach(ArrayList.java:1511)
... Removed 27 stack frames]]>
    </failure>
  </testcase> <!-- submitOrder -->
  <testcase classname="AutomationAcademy.SubmitOrderTest" name="submitOrder" time="20.864">
    <failure type="junit.framework.AssertionFailedError">
      <![CDATA[junit.framework.AssertionFailedError
at junit.framework.Assert.fail(Assert.java:47)
at junit.framework.Assert.assertTrue(Assert.java:20)
at junit.framework.Assert.assertFalse(Assert.java:34)
at junit.framework.Assert.assertFalse(Assert.java:41)
at AutomationAcademy.SubmitOrderTest.submitOrder(SubmitOrderTest.java:38)
at java.base/java.util.ArrayList.forEach(ArrayList.java:1511)
... Removed 27 stack frames]]>
    </failure>
  </testcase> <!-- submitOrder -->
  <testcase classname="AutomationAcademy.SubmitOrderTest" name="OrderHistoryTest" time="0.0">
    <skipped/>
  </testcase> <!-- OrderHistoryTest -->
</testsuite> <!-- Submit Order Test -->
