<?xml version="1.0" encoding="UTF-8"?>
<!-- Generated by org.testng.reporters.JUnitXMLReporter -->
<testsuite ignored="0" hostname="DESKTOP-ERHSHJS" failures="0" tests="2" name="Error Validation" time="0.083" errors="0" timestamp="2024-06-19T11:16:50 SAST">
  <testcase classname="AutomationAcademy.ErrorValidation" name="loginErrorValidation" time="0.0">
    <skipped/>
  </testcase> <!-- loginErrorValidation -->
  <testcase classname="AutomationAcademy.ErrorValidation" name="productValidation" time="0.0">
    <skipped/>
  </testcase> <!-- productValidation -->
</testsuite> <!-- Error Validation -->
